<?xml version="1.0" encoding="UTF-8"?>
<!-- Generated by org.testng.reporters.JUnitXMLReporter -->
<testsuite ignored="1" hostname="Hp" failures="0" tests="1" name="Default test" time="10.322" errors="0" timestamp="29 Jul 2022 03:47:37 GMT">
  <testcase classname="qa.yocket.tests.HomePageTest" name="homePageTitleTest" time="0.226"/>
  <testcase classname="qa.yocket.tests.HomePageTest" name="homePageTest" time="0.0">
    <ignored/>
  </testcase> <!-- homePageTest -->
</testsuite> <!-- Default test -->
