<?xml version="1.0" encoding="UTF-8"?>
<testng-results ignored="0" total="2" passed="2" failed="0" skipped="0">
  <reporter-output>
  </reporter-output>
  <suite started-at="2022-07-29T05:35:19Z" name="Yokert Test Suite" finished-at="2022-07-29T05:35:48Z" duration-ms="29204">
    <groups>
    </groups>
    <test started-at="2022-07-29T05:35:19Z" name="HomePage Test - Chrome" finished-at="2022-07-29T05:35:48Z" duration-ms="29204">
      <class name="qa.yocket.tests.HomePageTest">
        <test-method is-config="true" signature="setup(java.lang.String)[pri:0, instance:qa.yocket.tests.HomePageTest@8ed9cf]" started-at="2022-07-29T05:35:19Z" name="setup" finished-at="2022-07-29T05:35:45Z" duration-ms="25747" status="PASS">
          <params>
            <param index="0">
              <value>
                <![CDATA[chrome]]>
              </value>
            </param>
          </params>
          <reporter-output>
          </reporter-output>
        </test-method> <!-- setup -->
        <test-method signature="homePageTitleTest()[pri:1, instance:qa.yocket.tests.HomePageTest@8ed9cf]" started-at="2022-07-29T05:35:45Z" name="homePageTitleTest" finished-at="2022-07-29T05:35:45Z" duration-ms="677" status="PASS">
          <reporter-output>
          </reporter-output>
        </test-method> <!-- homePageTitleTest -->
        <test-method signature="homePageTest()[pri:2, instance:qa.yocket.tests.HomePageTest@8ed9cf]" started-at="2022-07-29T05:35:46Z" name="homePageTest" finished-at="2022-07-29T05:35:47Z" duration-ms="1335" status="PASS">
          <reporter-output>
          </reporter-output>
        </test-method> <!-- homePageTest -->
        <test-method is-config="true" signature="tearDown()[pri:0, instance:qa.yocket.tests.HomePageTest@8ed9cf]" started-at="2022-07-29T05:35:47Z" name="tearDown" finished-at="2022-07-29T05:35:48Z" duration-ms="994" status="PASS">
          <reporter-output>
          </reporter-output>
        </test-method> <!-- tearDown -->
      </class> <!-- qa.yocket.tests.HomePageTest -->
    </test> <!-- HomePage Test - Chrome -->
  </suite> <!-- Yokert Test Suite -->
</testng-results>
